Wed Jan 24 2018 11:19:45 GMT-0600 (CST): GET /favicon.ico
Thu Jan 25 2018 11:04:57 GMT-0600 (CST): GET /auth/google/callback?code=4/JwCyygVmljXLaG5txsRaaycBfg7etJ4m5jzh_0g3QeA
Thu Jan 25 2018 11:07:31 GMT-0600 (CST): GET /favicon.ico
Thu Jan 25 2018 11:08:32 GMT-0600 (CST): GET /auth/google/callback?code=4/ni6LwgrZXCilt0ewIlnMMQfVANEobQ76J-YA_p8NKxg
Fri Jan 26 2018 15:15:18 GMT-0600 (CST): GET /auth/
Fri Jan 26 2018 17:14:36 GMT-0600 (CST): GET /auth/google/callback?code=4/Zsv8TwRndHXexND-uvej7hzKNXhGvY926UcnC2bBGcg
Fri Jan 26 2018 17:14:36 GMT-0600 (CST): GET /auth/google/callback?code=4/Qh6F64aa52hoVDJndiv3ikZPCCdi-jlw9o3RSMiri5A
Fri Jan 26 2018 17:15:28 GMT-0600 (CST): GET /auth/google/callback?code=4/Jesfki3nWhZ_CQQDji0FxLd0e1as8ALz_7b5n8xqRfE
Fri Jan 26 2018 17:15:37 GMT-0600 (CST): GET /auth/google/callback?code=4/j9XeZ8qafYjGJthwRtipwR05ddZbewh15vpAKFhx0og
Fri Jan 26 2018 17:33:14 GMT-0600 (CST): GET /auth/google/callback?code=4/n0DBtoTWuBjGd6bsv-EB9v4PUSHJbYL9HbqbrO0DHmI
Sat Jan 27 2018 10:52:01 GMT-0600 (CST): GET //api/logout
Wed Feb 07 2018 10:56:21 GMT-0600 (CST): GET /favicon.ico
Wed Feb 14 2018 12:05:05 GMT-0600 (CST): GET /favicon.ico
Sat Feb 17 2018 20:52:50 GMT-0600 (CST): GET /favicon.ico
Tue Feb 20 2018 14:26:48 GMT-0600 (CST): GET /favicon.ico
Tue Feb 20 2018 14:32:41 GMT-0600 (CST): GET /favicon.ico
Tue Feb 27 2018 19:21:16 GMT-0600 (CST): GET /favicon.ico
Wed Feb 28 2018 10:40:20 GMT-0600 (CST): GET /favicon.ico
Thu Mar 08 2018 17:26:28 GMT-0600 (CST): GET /favicon.ico
Mon Mar 19 2018 14:30:58 GMT-0500 (CDT): GET /favicon.ico
Sat Mar 31 2018 23:04:32 GMT-0400 (EDT): GET /favicon.ico
Fri Apr 06 2018 03:17:18 GMT+0700 (WIB): GET /languages
