Arguments: 
  /Users/scott/.nvm/versions/node/v8.6.0/bin/node /usr/local/Cellar/yarn/1.3.2/libexec/bin/yarn.js add

PATH: 
  /Users/scott/anaconda2/bin:/Users/scott/anaconda2/bin:/Users/scott/anaconda3/bin:/Users/scott/.avn/bin:/Library/Frameworks/Python.framework/Versions/3.5/bin:/Users/scott/.nvm/versions/node/v8.6.0/bin:/usr/local/bin:/usr/bin:/bin:/usr/sbin:/sbin:/opt/X11/bin

Yarn version: 
  1.3.2

Node version: 
  8.6.0

Platform: 
  darwin x64

npm manifest: 
  {
    "name": "api",
    "version": "1.0.0",
    "main": "index.js",
    "license": "MIT"
    },
    "scripts": {
        "prestart": "yarn install",
        "start": "node app"
    }
  }

yarn manifest: 
  No manifest

Lockfile: 
  No lockfile

Trace: 
  SyntaxError: /Users/scott/projects/react/api/package.json: Unexpected token , in JSON at position 85
      at JSON.parse (<anonymous>)
      at /usr/local/Cellar/yarn/1.3.2/libexec/lib/cli.js:770:59
      at Generator.next (<anonymous>)
      at step (/usr/local/Cellar/yarn/1.3.2/libexec/lib/cli.js:92:30)
      at /usr/local/Cellar/yarn/1.3.2/libexec/lib/cli.js:103:13
      at <anonymous>
